  10
Sending configuration 1, b0 = 0.1, Int = Off
N 8 use_b0 1 b0 0.1 Description b0_0.1_V_Int_Off runs 10 int 0 omega  2 delta 20 
Submitted batch job 66167
Sending configuration 2, b0 = 0.1, Int = Off
Submitted batch job 66228
Sending configuration 3, b0 = 0.1, Int = Off
Submitted batch job 66229
Sending configuration 1, b0 = 0.1, Int = On
N 8 use_b0 1 b0 0.1 Description b0_0.1_V_Int_On runs 10 int 0 omega  2 delta 20 
Submitted batch job 66230
Sending configuration 2, b0 = 0.1, Int = On
Submitted batch job 66231
Sending configuration 3, b0 = 0.1, Int = On
Submitted batch job 66232
Sending configuration 1, b0 = 3, Int = Off
N 8 use_b0 1 b0 3 Description b0_3_V_Int_Off runs 10 int 0 omega  2 delta 20 
Submitted batch job 66233
Sending configuration 2, b0 = 3, Int = Off
Submitted batch job 66234
Sending configuration 3, b0 = 3, Int = Off
Submitted batch job 66236
Sending configuration 1, b0 = 3, Int = On
N 8 use_b0 1 b0 3 Description b0_3_V_Int_On runs 10 int 0 omega  2 delta 20 
Submitted batch job 66237
Sending configuration 2, b0 = 3, Int = On
Submitted batch job 66238
Sending configuration 3, b0 = 3, Int = On
Submitted batch job 66239
Sending configuration 1, b0 = 5, Int = Off
N 8 use_b0 1 b0 5 Description b0_5_V_Int_Off runs 10 int 0 omega  2 delta 20 
Submitted batch job 66240
Sending configuration 2, b0 = 5, Int = Off
Submitted batch job 66241
Sending configuration 3, b0 = 5, Int = Off
Submitted batch job 66242
Sending configuration 1, b0 = 5, Int = On
N 8 use_b0 1 b0 5 Description b0_5_V_Int_On runs 10 int 0 omega  2 delta 20 
Submitted batch job 66303
Sending configuration 2, b0 = 5, Int = On
Submitted batch job 66364
Sending configuration 3, b0 = 5, Int = On
Submitted batch job 66425
Sending configuration 1, b0 = 0.1, Int = Off
N 9 use_b0 1 b0 0.1 Description b0_0.1_V_Int_Off runs 10 int 0 omega  2 delta 20 
Submitted batch job 66486
Sending configuration 2, b0 = 0.1, Int = Off
Submitted batch job 66487
Sending configuration 3, b0 = 0.1, Int = Off
Submitted batch job 66488
Sending configuration 1, b0 = 0.1, Int = On
N 9 use_b0 1 b0 0.1 Description b0_0.1_V_Int_On runs 10 int 0 omega  2 delta 20 
Submitted batch job 66549
Sending configuration 2, b0 = 0.1, Int = On
Submitted batch job 66610
Sending configuration 3, b0 = 0.1, Int = On
Submitted batch job 66611
Sending configuration 1, b0 = 3, Int = Off
N 9 use_b0 1 b0 3 Description b0_3_V_Int_Off runs 10 int 0 omega  2 delta 20 
Submitted batch job 66613
Sending configuration 2, b0 = 3, Int = Off
Submitted batch job 66674
Sending configuration 3, b0 = 3, Int = Off
Submitted batch job 66675
Sending configuration 1, b0 = 3, Int = On
N 9 use_b0 1 b0 3 Description b0_3_V_Int_On runs 10 int 0 omega  2 delta 20 
Submitted batch job 66736
Sending configuration 2, b0 = 3, Int = On
Submitted batch job 66797
Sending configuration 3, b0 = 3, Int = On
Submitted batch job 66798
Sending configuration 1, b0 = 5, Int = Off
N 9 use_b0 1 b0 5 Description b0_5_V_Int_Off runs 10 int 0 omega  2 delta 20 
Submitted batch job 66859
Sending configuration 2, b0 = 5, Int = Off
Submitted batch job 66920
Sending configuration 3, b0 = 5, Int = Off
Submitted batch job 66981
Sending configuration 1, b0 = 5, Int = On
N 9 use_b0 1 b0 5 Description b0_5_V_Int_On runs 10 int 0 omega  2 delta 20 
Submitted batch job 67042
Sending configuration 2, b0 = 5, Int = On
Submitted batch job 67103
Sending configuration 3, b0 = 5, Int = On
Submitted batch job 67164
Sending configuration 1, b0 = 0.1, Int = Off
N 10 use_b0 1 b0 0.1 Description b0_0.1_V_Int_Off runs 10 int 0 omega  2 delta 20 
Submitted batch job 67225
Sending configuration 2, b0 = 0.1, Int = Off
Submitted batch job 67286
Sending configuration 3, b0 = 0.1, Int = Off
Submitted batch job 67347
Sending configuration 1, b0 = 0.1, Int = On
N 10 use_b0 1 b0 0.1 Description b0_0.1_V_Int_On runs 10 int 0 omega  2 delta 20 
Submitted batch job 67408
Sending configuration 2, b0 = 0.1, Int = On
Submitted batch job 67469
Sending configuration 3, b0 = 0.1, Int = On
Submitted batch job 67530
Sending configuration 1, b0 = 3, Int = Off
N 10 use_b0 1 b0 3 Description b0_3_V_Int_Off runs 10 int 0 omega  2 delta 20 
Submitted batch job 67591
Sending configuration 2, b0 = 3, Int = Off
Submitted batch job 67652
Sending configuration 3, b0 = 3, Int = Off
Submitted batch job 67713
Sending configuration 1, b0 = 3, Int = On
N 10 use_b0 1 b0 3 Description b0_3_V_Int_On runs 10 int 0 omega  2 delta 20 
Submitted batch job 67774
Sending configuration 2, b0 = 3, Int = On
Submitted batch job 67836
Sending configuration 3, b0 = 3, Int = On
Submitted batch job 67897
Sending configuration 1, b0 = 5, Int = Off
N 10 use_b0 1 b0 5 Description b0_5_V_Int_Off runs 10 int 0 omega  2 delta 20 
Submitted batch job 67958
Sending configuration 2, b0 = 5, Int = Off
Submitted batch job 68019
Sending configuration 3, b0 = 5, Int = Off
Submitted batch job 68080
Sending configuration 1, b0 = 5, Int = On
N 10 use_b0 1 b0 5 Description b0_5_V_Int_On runs 10 int 0 omega  2 delta 20 
Submitted batch job 68141
Sending configuration 2, b0 = 5, Int = On
Submitted batch job 68202
Sending configuration 3, b0 = 5, Int = On
Submitted batch job 68263
Sending configuration 1, b0 = 0.1, Int = Off
N 11 use_b0 1 b0 0.1 Description b0_0.1_V_Int_Off runs 10 int 0 omega  2 delta 20 
Submitted batch job 68324
Sending configuration 2, b0 = 0.1, Int = Off
Submitted batch job 68385
Sending configuration 3, b0 = 0.1, Int = Off
Submitted batch job 68446
Sending configuration 1, b0 = 0.1, Int = On
N 11 use_b0 1 b0 0.1 Description b0_0.1_V_Int_On runs 10 int 0 omega  2 delta 20 
Submitted batch job 68507
Sending configuration 2, b0 = 0.1, Int = On
Submitted batch job 68568
Sending configuration 3, b0 = 0.1, Int = On
Submitted batch job 68629
Sending configuration 1, b0 = 3, Int = Off
N 11 use_b0 1 b0 3 Description b0_3_V_Int_Off runs 10 int 0 omega  2 delta 20 
Submitted batch job 68690
Sending configuration 2, b0 = 3, Int = Off
Submitted batch job 68751
Sending configuration 3, b0 = 3, Int = Off
Submitted batch job 68812
Sending configuration 1, b0 = 3, Int = On
N 11 use_b0 1 b0 3 Description b0_3_V_Int_On runs 10 int 0 omega  2 delta 20 
Submitted batch job 68873
Sending configuration 2, b0 = 3, Int = On
Submitted batch job 68934
Sending configuration 3, b0 = 3, Int = On
Submitted batch job 68995
Sending configuration 1, b0 = 5, Int = Off
N 11 use_b0 1 b0 5 Description b0_5_V_Int_Off runs 10 int 0 omega  2 delta 20 
Submitted batch job 69056
Sending configuration 2, b0 = 5, Int = Off
Submitted batch job 69117
Sending configuration 3, b0 = 5, Int = Off
Submitted batch job 69118
Sending configuration 1, b0 = 5, Int = On
N 11 use_b0 1 b0 5 Description b0_5_V_Int_On runs 10 int 0 omega  2 delta 20 
Submitted batch job 69180
Sending configuration 2, b0 = 5, Int = On
Submitted batch job 69241
Sending configuration 3, b0 = 5, Int = On
Submitted batch job 69302
Sending configuration 1, b0 = 0.1, Int = Off
N 12 use_b0 1 b0 0.1 Description b0_0.1_V_Int_Off runs 10 int 0 omega  2 delta 20 
Submitted batch job 69363
Sending configuration 2, b0 = 0.1, Int = Off
Submitted batch job 69424
Sending configuration 3, b0 = 0.1, Int = Off
Submitted batch job 69425
Sending configuration 1, b0 = 0.1, Int = On
N 12 use_b0 1 b0 0.1 Description b0_0.1_V_Int_On runs 10 int 0 omega  2 delta 20 
Submitted batch job 69486
Sending configuration 2, b0 = 0.1, Int = On
Submitted batch job 69547
Sending configuration 3, b0 = 0.1, Int = On
Submitted batch job 69548
Sending configuration 1, b0 = 3, Int = Off
N 12 use_b0 1 b0 3 Description b0_3_V_Int_Off runs 10 int 0 omega  2 delta 20 
Submitted batch job 69609
Sending configuration 2, b0 = 3, Int = Off
Submitted batch job 69670
Sending configuration 3, b0 = 3, Int = Off
Submitted batch job 69671
Sending configuration 1, b0 = 3, Int = On
N 12 use_b0 1 b0 3 Description b0_3_V_Int_On runs 10 int 0 omega  2 delta 20 
Submitted batch job 69732
Sending configuration 2, b0 = 3, Int = On
Submitted batch job 69793
Sending configuration 3, b0 = 3, Int = On
Submitted batch job 69794
Sending configuration 1, b0 = 5, Int = Off
N 12 use_b0 1 b0 5 Description b0_5_V_Int_Off runs 10 int 0 omega  2 delta 20 
Submitted batch job 69856
Sending configuration 2, b0 = 5, Int = Off
Submitted batch job 69917
Sending configuration 3, b0 = 5, Int = Off
Submitted batch job 69918
Sending configuration 1, b0 = 5, Int = On
N 12 use_b0 1 b0 5 Description b0_5_V_Int_On runs 10 int 0 omega  2 delta 20 
Submitted batch job 69979
Sending configuration 2, b0 = 5, Int = On
Submitted batch job 70040
Sending configuration 3, b0 = 5, Int = On
Submitted batch job 70041
Terminei!
