  5
Sending configuration 1, b0 = 0.1, Int = Off
N 8 use_b0 1 b0 0.1 Description b0_0.1_V_Int_Off runs 5 int 0 omega  2 delta 20 
Submitted batch job 70107
Sending configuration 2, b0 = 0.1, Int = Off
Submitted batch job 70138
Sending configuration 3, b0 = 0.1, Int = Off
Submitted batch job 70139
Sending configuration 1, b0 = 0.1, Int = On
N 8 use_b0 1 b0 0.1 Description b0_0.1_V_Int_On runs 5 int 0 omega  2 delta 20 
Submitted batch job 70140
Sending configuration 2, b0 = 0.1, Int = On
Submitted batch job 70141
Sending configuration 3, b0 = 0.1, Int = On
Submitted batch job 70142
Sending configuration 1, b0 = 3, Int = Off
N 8 use_b0 1 b0 3 Description b0_3_V_Int_Off runs 5 int 0 omega  2 delta 20 
Submitted batch job 70143
Sending configuration 2, b0 = 3, Int = Off
Submitted batch job 70144
Sending configuration 3, b0 = 3, Int = Off
Submitted batch job 70145
Sending configuration 1, b0 = 3, Int = On
N 8 use_b0 1 b0 3 Description b0_3_V_Int_On runs 5 int 0 omega  2 delta 20 
Submitted batch job 70146
Sending configuration 2, b0 = 3, Int = On
Submitted batch job 70147
Sending configuration 3, b0 = 3, Int = On
Submitted batch job 70148
Sending configuration 1, b0 = 5, Int = Off
N 8 use_b0 1 b0 5 Description b0_5_V_Int_Off runs 5 int 0 omega  2 delta 20 
Submitted batch job 70149
Sending configuration 2, b0 = 5, Int = Off
Submitted batch job 70150
Sending configuration 3, b0 = 5, Int = Off
Submitted batch job 70151
Sending configuration 1, b0 = 5, Int = On
N 8 use_b0 1 b0 5 Description b0_5_V_Int_On runs 5 int 0 omega  2 delta 20 
Submitted batch job 70152
Sending configuration 2, b0 = 5, Int = On
Submitted batch job 70153
Sending configuration 3, b0 = 5, Int = On
Submitted batch job 70154
Sending configuration 1, b0 = 0.1, Int = Off
N 9 use_b0 1 b0 0.1 Description b0_0.1_V_Int_Off runs 5 int 0 omega  2 delta 20 
Submitted batch job 70155
Sending configuration 2, b0 = 0.1, Int = Off
Submitted batch job 70156
Sending configuration 3, b0 = 0.1, Int = Off
Submitted batch job 70157
Sending configuration 1, b0 = 0.1, Int = On
N 9 use_b0 1 b0 0.1 Description b0_0.1_V_Int_On runs 5 int 0 omega  2 delta 20 
Submitted batch job 70158
Sending configuration 2, b0 = 0.1, Int = On
Submitted batch job 70159
Sending configuration 3, b0 = 0.1, Int = On
Submitted batch job 70160
Sending configuration 1, b0 = 3, Int = Off
N 9 use_b0 1 b0 3 Description b0_3_V_Int_Off runs 5 int 0 omega  2 delta 20 
Submitted batch job 70161
Sending configuration 2, b0 = 3, Int = Off
Submitted batch job 70162
Sending configuration 3, b0 = 3, Int = Off
Submitted batch job 70163
Sending configuration 1, b0 = 3, Int = On
N 9 use_b0 1 b0 3 Description b0_3_V_Int_On runs 5 int 0 omega  2 delta 20 
Submitted batch job 70164
Sending configuration 2, b0 = 3, Int = On
Submitted batch job 70165
Sending configuration 3, b0 = 3, Int = On
Submitted batch job 70166
Sending configuration 1, b0 = 5, Int = Off
N 9 use_b0 1 b0 5 Description b0_5_V_Int_Off runs 5 int 0 omega  2 delta 20 
Submitted batch job 70167
Sending configuration 2, b0 = 5, Int = Off
Submitted batch job 70168
Sending configuration 3, b0 = 5, Int = Off
Submitted batch job 70169
Sending configuration 1, b0 = 5, Int = On
N 9 use_b0 1 b0 5 Description b0_5_V_Int_On runs 5 int 0 omega  2 delta 20 
Submitted batch job 70170
Sending configuration 2, b0 = 5, Int = On
Submitted batch job 70171
Sending configuration 3, b0 = 5, Int = On
Submitted batch job 70172
Sending configuration 1, b0 = 0.1, Int = Off
N 10 use_b0 1 b0 0.1 Description b0_0.1_V_Int_Off runs 5 int 0 omega  2 delta 20 
Submitted batch job 70173
Sending configuration 2, b0 = 0.1, Int = Off
Submitted batch job 70174
Sending configuration 3, b0 = 0.1, Int = Off
Submitted batch job 70175
Sending configuration 1, b0 = 0.1, Int = On
N 10 use_b0 1 b0 0.1 Description b0_0.1_V_Int_On runs 5 int 0 omega  2 delta 20 
Submitted batch job 70176
Sending configuration 2, b0 = 0.1, Int = On
Submitted batch job 70177
Sending configuration 3, b0 = 0.1, Int = On
Submitted batch job 70178
Sending configuration 1, b0 = 3, Int = Off
N 10 use_b0 1 b0 3 Description b0_3_V_Int_Off runs 5 int 0 omega  2 delta 20 
Submitted batch job 70179
Sending configuration 2, b0 = 3, Int = Off
Submitted batch job 70181
Sending configuration 3, b0 = 3, Int = Off
Submitted batch job 70182
Sending configuration 1, b0 = 3, Int = On
N 10 use_b0 1 b0 3 Description b0_3_V_Int_On runs 5 int 0 omega  2 delta 20 
Submitted batch job 70183
